[    0.000000] Initializing cgroup subsys cpuset
[    0.000000] Initializing cgroup subsys cpu
[    0.000000] Initializing cgroup subsys cpuacct
[    0.000000] Linux version 4.4.0-83-generic (buildd@lgw01-29) (gcc version 5.4.0 20160609 (Ubuntu 5.4.0-6ubuntu1~16.04.4) ) #106-Ubuntu SMP Mon Jun 26 17:54:43 UTC 2017 (Ubuntu 4.4.0-83.106-generic 4.4.70)
[    0.000000] Command line: BOOT_IMAGE=/boot/vmlinuz-4.4.0-83-generic root=LABEL=cloudimg-rootfs ro console=tty1 console=ttyS0
[    0.000000] KERNEL supported cpus:
[    0.000000]   Intel GenuineIntel
[    0.000000]   AMD AuthenticAMD
[    0.000000]   Centaur CentaurHauls
[    0.000000] x86/fpu: xstate_offset[2]:  576, xstate_sizes[2]:  256
[    0.000000] x86/fpu: Supporting XSAVE feature 0x01: 'x87 floating point registers'
[    0.000000] x86/fpu: Supporting XSAVE feature 0x02: 'SSE registers'
[    0.000000] x86/fpu: Supporting XSAVE feature 0x04: 'AVX registers'
[    0.000000] x86/fpu: Enabled xstate features 0x7, context size is 832 bytes, using 'standard' format.
[    0.000000] x86/fpu: Using 'lazy' FPU context switches.
[    0.000000] e820: BIOS-provided physical RAM map:
[    0.000000] BIOS-e820: [mem 0x0000000000000000-0x000000000009fbff] usable
[    0.000000] BIOS-e820: [mem 0x000000000009fc00-0x000000000009ffff] reserved
[    0.000000] BIOS-e820: [mem 0x00000000000f0000-0x00000000000fffff] reserved
[    0.000000] BIOS-e820: [mem 0x0000000000100000-0x000000003ffeffff] usable
[    0.000000] BIOS-e820: [mem 0x000000003fff0000-0x000000003fffffff] ACPI data
[    0.000000] BIOS-e820: [mem 0x00000000fec00000-0x00000000fec00fff] reserved
[    0.000000] BIOS-e820: [mem 0x00000000fee00000-0x00000000fee00fff] reserved
[    0.000000] BIOS-e820: [mem 0x00000000fffc0000-0x00000000ffffffff] reserved
[    0.000000] NX (Execute Disable) protection: active
[    0.000000] SMBIOS 2.5 present.
[    0.000000] Hypervisor detected: KVM
[    0.000000] e820: last_pfn = 0x3fff0 max_arch_pfn = 0x400000000
[    0.000000] MTRR: Disabled
[    0.000000] x86/PAT: MTRRs disabled, skipping PAT initialization too.
[    0.000000] x86/PAT: Configuration [0-7]: WB  WT  UC- UC  WB  WT  UC- UC  
[    0.000000] CPU MTRRs all blank - virtualized system.
[    0.000000] found SMP MP-table at [mem 0x0009fff0-0x0009ffff] mapped at [ffff88000009fff0]
[    0.000000] Scanning 1 areas for low memory corruption
[    0.000000] RAMDISK: [mem 0x36ad4000-0x37561fff]
[    0.000000] ACPI: Early table checksum verification disabled
[    0.000000] ACPI: RSDP 0x00000000000E0000 000024 (v02 VBOX  )
[    0.000000] ACPI: XSDT 0x000000003FFF0030 00003C (v01 VBOX   VBOXXSDT 00000001 ASL  00000061)
[    0.000000] ACPI: FACP 0x000000003FFF00F0 0000F4 (v04 VBOX   VBOXFACP 00000001 ASL  00000061)
[    0.000000] ACPI: DSDT 0x000000003FFF0470 0021C8 (v02 VBOX   VBOXBIOS 00000002 INTL 20100528)
[    0.000000] ACPI: FACS 0x000000003FFF0200 000040
[    0.000000] ACPI: FACS 0x000000003FFF0200 000040
[    0.000000] ACPI: APIC 0x000000003FFF0240 00005C (v02 VBOX   VBOXAPIC 00000001 ASL  00000061)
[    0.000000] ACPI: SSDT 0x000000003FFF02A0 0001CC (v01 VBOX   VBOXCPUT 00000002 INTL 20100528)
[    0.000000] No NUMA configuration found
[    0.000000] Faking a node at [mem 0x0000000000000000-0x000000003ffeffff]
[    0.000000] NODE_DATA(0) allocated [mem 0x3ffeb000-0x3ffeffff]
[    0.000000] kvm-clock: Using msrs 4b564d01 and 4b564d00
[    0.000000] kvm-clock: cpu 0, msr 0:3ffe3001, primary cpu clock
[    0.000000] kvm-clock: using sched offset of 3006863032 cycles
[    0.000000] clocksource: kvm-clock: mask: 0xffffffffffffffff max_cycles: 0x1cd42e4dffb, max_idle_ns: 881590591483 ns
[    0.000000] Zone ranges:
[    0.000000]   DMA      [mem 0x0000000000001000-0x0000000000ffffff]
[    0.000000]   DMA32    [mem 0x0000000001000000-0x000000003ffeffff]
[    0.000000]   Normal   empty
[    0.000000]   Device   empty
[    0.000000] Movable zone start for each node
[    0.000000] Early memory node ranges
[    0.000000]   node   0: [mem 0x0000000000001000-0x000000000009efff]
[    0.000000]   node   0: [mem 0x0000000000100000-0x000000003ffeffff]
[    0.000000] Initmem setup node 0 [mem 0x0000000000001000-0x000000003ffeffff]
[    0.000000] ACPI: PM-Timer IO Port: 0x4008
[    0.000000] IOAPIC[0]: apic_id 2, version 32, address 0xfec00000, GSI 0-23
[    0.000000] ACPI: INT_SRC_OVR (bus 0 bus_irq 0 global_irq 2 dfl dfl)
[    0.000000] ACPI: INT_SRC_OVR (bus 0 bus_irq 9 global_irq 9 high level)
[    0.000000] Using ACPI (MADT) for SMP configuration information
[    0.000000] smpboot: Allowing 2 CPUs, 0 hotplug CPUs
[    0.000000] PM: Registered nosave memory: [mem 0x00000000-0x00000fff]
[    0.000000] PM: Registered nosave memory: [mem 0x0009f000-0x0009ffff]
[    0.000000] PM: Registered nosave memory: [mem 0x000a0000-0x000effff]
[    0.000000] PM: Registered nosave memory: [mem 0x000f0000-0x000fffff]
[    0.000000] e820: [mem 0x40000000-0xfebfffff] available for PCI devices
[    0.000000] Booting paravirtualized kernel on KVM
[    0.000000] clocksource: refined-jiffies: mask: 0xffffffff max_cycles: 0xffffffff, max_idle_ns: 7645519600211568 ns
[    0.000000] setup_percpu: NR_CPUS:512 nr_cpumask_bits:512 nr_cpu_ids:2 nr_node_ids:1
[    0.000000] PERCPU: Embedded 33 pages/cpu @ffff88003fc00000 s98264 r8192 d28712 u1048576
[    0.000000] PV qspinlock hash table entries: 256 (order: 0, 4096 bytes)
[    0.000000] Built 1 zonelists in Node order, mobility grouping on.  Total pages: 257913
[    0.000000] Policy zone: DMA32
[    0.000000] Kernel command line: BOOT_IMAGE=/boot/vmlinuz-4.4.0-83-generic root=LABEL=cloudimg-rootfs ro console=tty1 console=ttyS0
[    0.000000] PID hash table entries: 4096 (order: 3, 32768 bytes)
[    0.000000] Memory: 1001768K/1048120K available (8469K kernel code, 1294K rwdata, 3984K rodata, 1488K init, 1316K bss, 46352K reserved, 0K cma-reserved)
[    0.000000] SLUB: HWalign=64, Order=0-3, MinObjects=0, CPUs=2, Nodes=1
[    0.000000] Hierarchical RCU implementation.
[    0.000000] 	Build-time adjustment of leaf fanout to 64.
[    0.000000] 	RCU restricting CPUs from NR_CPUS=512 to nr_cpu_ids=2.
[    0.000000] RCU: Adjusting geometry for rcu_fanout_leaf=64, nr_cpu_ids=2
[    0.000000] NR_IRQS:33024 nr_irqs:440 16
[    0.000000] Console: colour VGA+ 80x25
[    0.000000] console [tty1] enabled
[    0.000000] console [ttyS0] enabled
[    0.000000] tsc: Detected 2699.998 MHz processor
[    3.271931] Calibrating delay loop (skipped) preset value.. 5399.99 BogoMIPS (lpj=10799992)
[    3.389145] pid_max: default: 32768 minimum: 301
[    3.428280] ACPI: Core revision 20150930
[    3.480751] ACPI: 2 ACPI AML tables successfully acquired and loaded
[    3.560743] Security Framework initialized
[    3.609400] Yama: becoming mindful.
[    3.652050] AppArmor: AppArmor initialized
[    3.692050] Dentry cache hash table entries: 131072 (order: 8, 1048576 bytes)
[    3.697266] Inode-cache hash table entries: 65536 (order: 7, 524288 bytes)
[    3.700354] Mount-cache hash table entries: 2048 (order: 2, 16384 bytes)
[    3.746444] Mountpoint-cache hash table entries: 2048 (order: 2, 16384 bytes)
[    3.797394] Initializing cgroup subsys io
[    3.853986] Initializing cgroup subsys memory
[    3.910940] Initializing cgroup subsys devices
[    3.976535] Initializing cgroup subsys freezer
[    3.977560] Initializing cgroup subsys net_cls
[    3.978572] Initializing cgroup subsys perf_event
[    3.979645] Initializing cgroup subsys net_prio
[    3.980679] Initializing cgroup subsys hugetlb
[    4.031123] Initializing cgroup subsys pids
[    4.078342] CPU: Physical Processor ID: 0
[    4.127598] CPU: Processor Core ID: 0
[    4.165149] mce: CPU supports 0 MCE banks
[    4.167762] Last level iTLB entries: 4KB 64, 2MB 8, 4MB 8
[    4.219923] Last level dTLB entries: 4KB 64, 2MB 0, 4MB 0, 1GB 4
[    4.289707] Freeing SMP alternatives memory: 32K (ffffffff820b9000 - ffffffff820c1000)
[    4.396031] ftrace: allocating 32129 entries in 126 pages
[    4.487968] smpboot: APIC(0) Converting physical 0 to logical package 0
[    4.577958] smpboot: Max logical packages: 1
[    4.646114] x2apic enabled
[    4.692968] Switched APIC routing to physical x2apic.
[    4.767998] ..TIMER: vector=0x30 apic1=0 pin1=2 apic2=-1 pin2=-1
[    4.919958] smpboot: CPU0: Intel(R) Core(TM) i5-5257U CPU @ 2.70GHz (family: 0x6, model: 0x3d, stepping: 0x4)
[    5.055121] Performance Events: unsupported p6 CPU model 61 no PMU driver, software events only.
[    5.179036] KVM setup paravirtual spinlock
[    5.221219] x86: Booting SMP configuration:
[    5.261813] .... node  #0, CPUs:      #1
[    5.265325] kvm-clock: cpu 1, msr 0:3ffe3041, secondary cpu clock
[    5.268548] mce: CPU supports 0 MCE banks
[    5.271212] x86: Booted up 1 node, 2 CPUs
[    5.322319] smpboot: Total of 2 processors activated (10799.99 BogoMIPS)
[    5.379370] devtmpfs: initialized
[    5.421798] evm: security.selinux
[    5.452497] evm: security.SMACK64
[    5.501999] evm: security.SMACK64EXEC
[    5.544700] evm: security.SMACK64TRANSMUTE
[    5.585300] evm: security.SMACK64MMAP
[    5.621517] evm: security.ima
[    5.656649] evm: security.capability
[    5.679158] clocksource: jiffies: mask: 0xffffffff max_cycles: 0xffffffff, max_idle_ns: 7645041785100000 ns
[    5.778064] futex hash table entries: 512 (order: 3, 32768 bytes)
[    5.779474] pinctrl core: initialized pinctrl subsystem
[    5.825895] RTC time:  5:55:42, date: 07/02/17
[    5.885881] NET: Registered protocol family 16
[    5.912122] cpuidle: using governor ladder
[    5.951917] cpuidle: using governor menu
[    5.973678] PCCT header not found.
[    5.993898] ACPI: bus type PCI registered
[    6.044659] acpiphp: ACPI Hot Plug PCI Controller Driver version: 0.5
[    6.117658] PCI: Using configuration type 1 for base access
[    6.185760] ACPI: Added _OSI(Module Device)
[    6.229750] ACPI: Added _OSI(Processor Device)
[    6.246847] ACPI: Added _OSI(3.0 _SCP Extensions)
[    6.267466] ACPI: Added _OSI(Processor Aggregator Device)
[    6.340054] ACPI: Executed 1 blocks of module-level executable AML code
[    6.422314] ACPI: Interpreter enabled
[    6.460744] ACPI: (supports S0 S5)
[    6.497822] ACPI: Using IOAPIC for interrupt routing
[    6.548943] PCI: Using host bridge windows from ACPI; if necessary, use "pci=nocrs" and report a bug
[    6.632012] ACPI: PCI Root Bridge [PCI0] (domain 0000 [bus 00-ff])
[    6.712729] acpi PNP0A03:00: _OSC: OS supports [ASPM ClockPM Segments MSI]
[    6.777358] acpi PNP0A03:00: _OSC failed (AE_NOT_FOUND); disabling ASPM
[    6.857214] acpi PNP0A03:00: fail to add MMCONFIG information, can't access extended PCI configuration space under this bridge.
[    6.969089] PCI host bridge to bus 0000:00
[    6.985504] pci_bus 0000:00: root bus resource [io  0x0000-0x0cf7 window]
[    6.986931] pci_bus 0000:00: root bus resource [io  0x0d00-0xffff window]
[    7.016936] pci_bus 0000:00: root bus resource [mem 0x000a0000-0x000bffff window]
[    7.048176] pci_bus 0000:00: root bus resource [mem 0x40000000-0xffdfffff window]
[    7.113871] pci_bus 0000:00: root bus resource [bus 00-ff]
[    7.166151] pci 0000:00:01.1: legacy IDE quirk: reg 0x10: [io  0x01f0-0x01f7]
[    7.228106] pci 0000:00:01.1: legacy IDE quirk: reg 0x14: [io  0x03f6]
[    7.284778] pci 0000:00:01.1: legacy IDE quirk: reg 0x18: [io  0x0170-0x0177]
[    7.361934] pci 0000:00:01.1: legacy IDE quirk: reg 0x1c: [io  0x0376]
[    7.445863] pci 0000:00:07.0: quirk: [io  0x4000-0x403f] claimed by PIIX4 ACPI
[    7.468767] pci 0000:00:07.0: quirk: [io  0x4100-0x410f] claimed by PIIX4 SMB
[    7.558818] ACPI: PCI Interrupt Link [LNKA] (IRQs 5 9 10 *11)
[    7.581160] ACPI: PCI Interrupt Link [LNKB] (IRQs 5 9 10 *11)
[    7.643626] ACPI: PCI Interrupt Link [LNKC] (IRQs 5 9 *10 11)
[    7.698221] ACPI: PCI Interrupt Link [LNKD] (IRQs 5 *9 10 11)
[    7.761449] ACPI: Enabled 2 GPEs in block 00 to 07
[    7.817567] vgaarb: setting as boot device: PCI:0000:00:02.0
[    7.878053] vgaarb: device added: PCI:0000:00:02.0,decodes=io+mem,owns=io+mem,locks=none
[    7.953981] vgaarb: loaded
[    7.996407] vgaarb: bridge control possible 0000:00:02.0
[    8.063478] SCSI subsystem initialized
[    8.099754] ACPI: bus type USB registered
[    8.128378] usbcore: registered new interface driver usbfs
[    8.157789] usbcore: registered new interface driver hub
[    8.225929] usbcore: registered new device driver usb
[    8.281843] PCI: Using ACPI for IRQ routing
[    8.331764] NetLabel: Initializing
[    8.368552] NetLabel:  domain hash size = 128
[    8.369555] NetLabel:  protocols = UNLABELED CIPSOv4
[    8.370676] NetLabel:  unlabeled traffic allowed by default
[    8.372059] amd_nb: Cannot enumerate AMD northbridges
[    8.406989] clocksource: Switched to clocksource kvm-clock
[    8.489336] AppArmor: AppArmor Filesystem Enabled
[    8.550221] pnp: PnP ACPI init
[    8.599744] pnp: PnP ACPI: found 3 devices
[    8.686978] clocksource: acpi_pm: mask: 0xffffff max_cycles: 0xffffff, max_idle_ns: 2085701024 ns
[    8.797014] NET: Registered protocol family 2
[    8.873132] TCP established hash table entries: 8192 (order: 4, 65536 bytes)
[    8.989367] TCP bind hash table entries: 8192 (order: 5, 131072 bytes)
[    8.995469] TCP: Hash tables configured (established 8192 bind 8192)
[    8.996836] UDP hash table entries: 512 (order: 2, 16384 bytes)
[    8.998097] UDP-Lite hash table entries: 512 (order: 2, 16384 bytes)
[    8.999493] NET: Registered protocol family 1
[    9.081169] pci 0000:00:00.0: Limiting direct PCI/PCI transfers
[    9.183998] pci 0000:00:01.0: Activating ISA DMA hang workarounds
[    9.274106] Unpacking initramfs...
[   10.980826] Freeing initrd memory: 10808K (ffff880036ad4000 - ffff880037562000)
[   11.032189] RAPL PMU detected, API unit is 2^-32 Joules, 4 fixed counters 10737418240 ms ovfl timer
[   11.041698] hw unit of domain pp0-core 2^-0 Joules
[   11.118128] hw unit of domain package 2^-0 Joules
[   11.134335] hw unit of domain dram 2^-0 Joules
[   11.135370] hw unit of domain pp1-gpu 2^-0 Joules
[   11.136495] platform rtc_cmos: registered platform RTC device (no PNP device found)
[   11.243623] Scanning for low memory corruption every 60 seconds
[   11.245232] audit: initializing netlink subsys (disabled)
[   11.246438] audit: type=2000 audit(1498974945.430:1): initialized
[   11.247980] Initialise system trusted keyring
[   11.249168] HugeTLB registered 2 MB page size, pre-allocated 0 pages
[   11.251926] zbud: loaded
[   11.311304] VFS: Disk quotas dquot_6.6.0
[   11.391596] VFS: Dquot-cache hash table entries: 512 (order 0, 4096 bytes)
[   11.393255] squashfs: version 4.0 (2009/01/31) Phillip Lougher
[   11.394839] fuse init (API version 7.23)
[   11.404446] Key type big_key registered
[   11.411663] Allocating IMA MOK and blacklist keyrings.
[   11.414092] Key type asymmetric registered
[   11.425991] Asymmetric key parser 'x509' registered
[   11.437624] Block layer SCSI generic (bsg) driver version 0.4 loaded (major 249)
[   11.456712] io scheduler noop registered
[   11.468755] io scheduler deadline registered (default)
[   11.481303] io scheduler cfq registered
[   11.482323] pci_hotplug: PCI Hot Plug PCI Core version: 0.5
[   11.483575] pciehp: PCI Express Hot Plug Controller Driver version: 0.4
[   11.485268] ACPI: AC Adapter [AC] (on-line)
[   11.542072] input: Power Button as /devices/LNXSYSTM:00/LNXPWRBN:00/input/input0
[   11.633960] ACPI: Power Button [PWRF]
[   11.634920] input: Sleep Button as /devices/LNXSYSTM:00/LNXSLPBN:00/input/input1
[   11.636644] ACPI: Sleep Button [SLPF]
[   11.638640] ACPI: Battery Slot [BAT0] (battery present)
[   11.671573] GHES: HEST is not enabled!
[   11.681507] Serial: 8250/16550 driver, 32 ports, IRQ sharing enabled
[   11.863088] 00:02: ttyS0 at I/O 0x3f8 (irq = 4, base_baud = 115200) is a 16550A
[   11.895422] Linux agpgart interface v0.103
[   11.980529] loop: module loaded
[   12.052170] scsi host0: ata_piix
[   12.083938] scsi host1: ata_piix
[   12.136629] tsc: Refined TSC clocksource calibration: 2699.050 MHz
[   12.136630] clocksource: tsc: mask: 0xffffffffffffffff max_cycles: 0x26e7bd0f3c1, max_idle_ns: 440795318413 ns
[   12.259305] ata1: PATA max UDMA/33 cmd 0x1f0 ctl 0x3f6 bmdma 0xd000 irq 14
[   12.463815] ata2: PATA max UDMA/33 cmd 0x170 ctl 0x376 bmdma 0xd008 irq 15
[   12.510087] libphy: Fixed MDIO Bus: probed
[   12.511064] tun: Universal TUN/TAP device driver, 1.6
[   12.527470] tun: (C) 1999-2004 Max Krasnyansky <maxk@qualcomm.com>
[   12.548145] PPP generic driver version 2.4.2
[   12.592385] ehci_hcd: USB 2.0 'Enhanced' Host Controller (EHCI) Driver
[   12.611197] ehci-pci: EHCI PCI platform driver
[   12.625933] ehci-platform: EHCI generic platform driver
[   12.644423] ohci_hcd: USB 1.1 'Open' Host Controller (OHCI) Driver
[   12.688548] ohci-pci: OHCI PCI platform driver
[   12.698728] ohci-platform: OHCI generic platform driver
[   12.717732] uhci_hcd: USB Universal Host Controller Interface driver
[   12.729678] i8042: PNP: PS/2 Controller [PNP0303:PS2K,PNP0f03:PS2M] at 0x60,0x64 irq 1,12
[   12.767230] serio: i8042 KBD port at 0x60,0x64 irq 1
[   12.863830] serio: i8042 AUX port at 0x60,0x64 irq 12
[   12.865189] mousedev: PS/2 mouse device common for all mice
[   12.867092] rtc_cmos rtc_cmos: rtc core: registered rtc_cmos as rtc0
[   13.073694] input: AT Translated Set 2 keyboard as /devices/platform/i8042/serio0/input/input2
[   13.294113] rtc_cmos rtc_cmos: alarms up to one day, 114 bytes nvram
[   13.381146] i2c /dev entries driver
[   13.463499] device-mapper: uevent: version 1.0.3
[   13.523519] device-mapper: ioctl: 4.34.0-ioctl (2015-10-28) initialised: dm-devel@redhat.com
[   13.607974] ledtrig-cpu: registered to indicate activity on CPUs
[   13.702308] NET: Registered protocol family 10
[   13.743282] NET: Registered protocol family 17
[   13.774050] Key type dns_resolver registered
[   13.816101] microcode: CPU0 sig=0x306d4, pf=0x40, revision=0x0
[   13.908806] microcode: CPU1 sig=0x306d4, pf=0x40, revision=0x0
[   13.923395] microcode: Microcode Update Driver: v2.01 <tigran@aivazian.fsnet.co.uk>, Peter Oruba
[   14.069202] registered taskstats version 1
[   14.150782] Loading compiled-in X.509 certificates
[   14.256094] Loaded X.509 cert 'Build time autogenerated kernel key: 35105354eb779045e4d9ad793dead39d5ee93f76'
[   14.398976] zswap: loaded using pool lzo/zbud
[   14.401720] Key type trusted registered
[   14.432661] Key type encrypted registered
[   14.476876] AppArmor: AppArmor sha1 policy hashing enabled
[   14.531359] ima: No TPM chip found, activating TPM-bypass!
[   14.585170] evm: HMAC attrs: 0x1
[   14.623723]   Magic number: 9:573:920
[   14.651791] rtc_cmos rtc_cmos: setting system clock to 2017-07-02 05:55:51 UTC (1498974951)
[   14.764723] BIOS EDD facility v0.16 2004-Jun-25, 0 devices found
[   14.874038] EDD information not available.
[   14.940182] Freeing unused kernel memory: 1488K (ffffffff81f45000 - ffffffff820b9000)
[   15.064098] Write protecting the kernel read-only data: 14336k
[   15.153973] Freeing unused kernel memory: 1760K (ffff880001848000 - ffff880001a00000)
[   15.242774] Freeing unused kernel memory: 112K (ffff880001de4000 - ffff880001e00000)
Loading, please wait...
[   15.337100] random: systemd-udevd: uninitialized urandom read (16 bytes read, 7 bits of entropy available)
starting version[   15.337669] random: udevadm: uninitialized urandom read (16 bytes read, 7 bits of entropy available)
 229
[   15.337702] random: udevadm: uninitialized urandom read (16 bytes read, 7 bits of entropy available)
[   15.337797] random: udevadm: uninitialized urandom read (16 bytes read, 7 bits of entropy available)
[   15.337831] random: udevadm: uninitialized urandom read (16 bytes read, 7 bits of entropy available)
[   15.337864] random: udevadm: uninitialized urandom read (16 bytes read, 7 bits of entropy available)
[   15.337898] random: udevadm: uninitialized urandom read (16 bytes read, 7 bits of entropy available)
[   15.337929] random: udevadm: uninitialized urandom read (16 bytes read, 7 bits of entropy available)
[   15.337958] random: udevadm: uninitialized urandom read (16 bytes read, 7 bits of entropy available)
[   15.337989] random: udevadm: uninitialized urandom read (16 bytes read, 7 bits of entropy available)
[   16.129021] e1000: Intel(R) PRO/1000 Network Driver - version 7.3.21-k8-NAPI
[   16.243613] e1000: Copyright (c) 1999-2006 Intel Corporation.
[   16.267918] Fusion MPT base driver 3.04.20
[   16.289052] Copyright (c) 1999-2008 LSI Corporation
[   16.321573] AVX version of gcm_enc/dec engaged.
[   16.324833] AES CTR mode by8 optimization enabled
[   16.341398] Fusion MPT SPI Host driver 3.04.20
[   16.534311] input: ImExPS/2 Generic Explorer Mouse as /devices/platform/i8042/serio1/input/input4
[   16.652022] e1000 0000:00:03.0 eth0: (PCI:33MHz:32-bit) 02:45:1d:cb:f6:22
[   16.701557] e1000 0000:00:03.0 eth0: Intel(R) PRO/1000 Network Connection
[   16.775487] mptbase: ioc0: Initiating bringup
[   16.775869] e1000 0000:00:03.0 enp0s3: renamed from eth0
[   16.932338] ioc0: LSI53C1030 A0: Capabilities={Initiator}
[   17.105308] scsi host2: ioc0: LSI53C1030 A0, FwRev=00000000h, Ports=1, MaxQ=256, IRQ=20
[   17.241971] scsi 2:0:0:0: Direct-Access     VBOX     HARDDISK         1.0  PQ: 0 ANSI: 5
[   17.275646] scsi target2:0:0: Beginning Domain Validation
[   17.335605] scsi target2:0:0: Domain Validation skipping write tests
[   17.491162] scsi target2:0:0: Ending Domain Validation
[   17.621761] scsi target2:0:0: asynchronous
[   17.654735] scsi 2:0:1:0: Direct-Access     VBOX     HARDDISK         1.0  PQ: 0 ANSI: 5
[   17.753764] scsi target2:0:1: Beginning Domain Validation
[   17.796229] scsi target2:0:1: Domain Validation skipping write tests
[   17.941347] scsi target2:0:1: Ending Domain Validation
[   18.019271] scsi target2:0:1: asynchronous
[   18.051996] sd 2:0:0:0: [sda] 20971520 512-byte logical blocks: (10.7 GB/10.0 GiB)
[   18.052026] sd 2:0:0:0: Attached scsi generic sg0 type 0
[   18.052692] sd 2:0:1:0: Attached scsi generic sg1 type 0
[   18.197508] sd 2:0:1:0: [sdb] 20480 512-byte logical blocks: (10.5 MB/10.0 MiB)
[   18.334083] sd 2:0:0:0: [sda] Write Protect is off
[   18.461920] sd 2:0:1:0: [sdb] Write Protect is off
[   18.551736] sd 2:0:0:0: [sda] Incomplete mode parameter data
[   18.600605] sd 2:0:0:0: [sda] Assuming drive cache: write through
[   18.654067] sd 2:0:1:0: [sdb] Incomplete mode parameter data
[   18.798866] sd 2:0:1:0: [sdb] Assuming drive cache: write through
[   18.799587]  sda: sda1
[   18.800277] sd 2:0:0:0: [sda] Attached SCSI disk
[   18.975373] sd 2:0:1:0: [sdb] Attached SCSI disk
[   19.315904] floppy0: no floppy controllers found
Begin: Loading e[   20.703427] md: linear personality registered for level -1
ssential drivers[   20.803596] md: multipath personality registered for level -4
 ... [   21.045469] md: raid0 personality registered for level 0
[   21.171841] md: raid1 personality registered for level 1
[   21.327046] raid6: sse2x1   gen()  9359 MB/s
[   21.439201] raid6: sse2x1   xor()  5743 MB/s
[   21.527146] raid6: sse2x2   gen() 12012 MB/s
[   21.639471] raid6: sse2x2   xor()  7980 MB/s
[   21.743160] raid6: sse2x4   gen() 13905 MB/s
[   21.863017] raid6: sse2x4   xor()  9702 MB/s
[   21.911687] raid6: using algorithm sse2x4 gen() 13905 MB/s
[   21.970828] raid6: .... xor() 9702 MB/s, rmw enabled
[   22.010150] raid6: using ssse3x2 recovery algorithm
[   22.068958] xor: automatically using best checksumming function:
[   22.247164]    avx       : 27701.000 MB/sec
[   22.352704] async_tx: api initialized (async)
[   22.370545] md: raid6 personality registered for level 6
[   22.401726] md: raid5 personality registered for level 5
[   22.402990] md: raid4 personality registered for level 4
[   22.446963] md: raid10 personality registered for level 10
done.
Begin: Running /scripts/init-premount ... done.
Begin: Mounting root fil[   22.509213] Btrfs loaded
e system ... Begin: Running /scripts/local-top ... done.
Begin: Running /scripts/local-premount ... Scanning for Btrfs filesystems
done.
Warning: fsck not present, so skipping root file system
[   22.611188] EXT4-fs (sda1): mounted filesystem with ordered data mode. Opts: (null)
done.
Begin: Running /scripts/local-bottom ... done.
Begin: Running /scripts/init-bottom ... done.
[   22.834387] systemd[1]: systemd 22  running in system mode. (+PAM +AUDIT +SELINUX +IMA +APPARMOR +SMACK +SYSVINIT +UTMP +LIBCRYPTSETUP +GCRYPT +GNUTLS +ACL +XZ -LZ4 +SECCOMP +BLKID +ELFUTILS +KMOD -IDN)
[   23.192537] systemd[1]: Detected virtualization oracle.
[   23.231632] systemd[1]: Detected architecture x86-64.

Welcome to [1mUbuntu 16.04.2 LTS[0m!

[   23.295380] systemd[1]: Set hostname to <ubuntu>.
[   23.392373] systemd[1]: Initializing machine ID from random generator.
[   23.450664] systemd[1]: Installed transient /etc/machine-id file.
[   23.646410] random: nonblocking pool is initialized
[   23.742796] systemd[1]: Listening on Device-mapper event daemon FIFOs.
[[0;32m  OK  [0m] Listening on Device-mapper event daemon FIFOs.
[   23.883814] systemd[1]: Created slice User and Session Slice.
[[0;32m  OK  [0m] Created slice User and Session Slice.
[   24.027497] systemd[1]: Listening on Journal Socket.
[[0;32m  OK  [0m] Listening on Journal Socket.
[   24.146810] systemd[1]: Listening on Journal Socket (/dev/log).
[[0;32m  OK  [0m] Listening on Journal Socket (/dev/log).
[   24.288231] systemd[1]: Listening on udev Control Socket.
[[0;32m  OK  [0m] Listening on udev Control Socket.
[   24.415766] systemd[1]: Listening on udev Kernel Socket.
[[0;32m  OK  [0m] Listening on udev Kernel Socket.
[   24.560249] systemd[1]: Created slice System Slice.
[[0;32m  OK  [0m] Created slice System Slice.
[   24.671327] systemd[1]: Starting Set console keymap...
         Starting Set console keymap...
[   24.720170] systemd[1]: Starting Nameserver information manager...
         Starting Nameserver information manager...
[   24.767823] systemd[1]: Reached target Slices.
[[0;32m  OK  [0m] Reached target Slices.
[   24.811997] systemd[1]: Starting Remount Root and Kernel File Systems...
         [   24.867601] EXT4-fs (sda1): re-mounted. Opts: (null)
Starting Remount Root and Kernel File Systems...
[   24.995572] systemd[1]: Mounting Huge Pages File System...
         Mounting Huge Pages File System...
[   25.095516] systemd[1]: Set up automount Arbitrary Executable File Formats File System Automount Point.
[[0;32m  OK  [0m] Set up automount Arbitrary Executab...ats File System Automount Point.
[   25.343187] systemd[1]: Starting Load Kernel Modules...
         Starting Load Ke[   25.379734] Loading iSCSI transport class v2.0-870.
rnel Modules...
[   25.491594] systemd[1]: Listening on /dev/initctl Compatibility Named Pipe.
[[0;32m  OK  [0m] Listening on /dev/initctl Compatibility Named Pipe.
[   25.497417] systemd[1]: Created slice system-serial\x2dgetty.slice.
[   25.500557] iscsi: registered transport (tcp)
[[0;32m  OK  [0m] Created slice system-serial\x2dgetty.slice.
[   25.623308] systemd[1]: Mounting POSIX Message Queue File System...
         Mounting POSIX Message Queue File System...
[   25.647941] iscsi: registered transport (iser)
[   25.647968] systemd[1]: Started Trigger resolvconf update for networkd DNS.
[[0;32m  OK  [0m] Started Trigger resolvconf update for networkd DNS.
[   25.756611] systemd[1]: Started Forward Password Requests to Wall Directory Watch.
[[0;32m  OK  [0m] Started Forward Password Requests to Wall Directory Watch.
[   25.799481] systemd[1]: Listening on LVM2 poll daemon socket.
[[0;32m  OK  [0m] Listening on LVM2 poll daemon socket.
[   25.955473] systemd[1]: Mounting Debug File System...
         Mounting Debug File System...
[   26.039993] systemd[1]: Reached target User and Group Name Lookups.
[[0;32m  OK  [0m] Reached target User and Group Name Lookups.
[   26.215827] systemd[1]: Listening on Journal Audit Socket.
[[0;32m  OK  [0m] Listening on Journal Audit Socket.
[   26.383186] systemd[1]: Starting Uncomplicated firewall...
         Starting Uncomplicated firewall...
[   26.467492] systemd[1]: Reached target Encrypted Volumes.
[[0;32m  OK  [0m] Reached target Encrypted Volumes.
[   26.623877] systemd[1]: Listening on LVM2 metadata daemon socket.
[[0;32m  OK  [0m] Listening on LVM2 metadata daemon socket.
[   26.751621] systemd[1]: Starting Monitoring of LVM2 mirrors, snapshots etc. using dmeventd or progress polling...
         Starting Monitoring of LVM2 mirrors... dmeventd or progress polling...
[   26.887339] systemd[1]: Reached target Swap.
[[0;32m  OK  [0m] Reached target Swap.
[   27.027865] systemd[1]: Starting Create list of required static device nodes for the current kernel...
         Starting Create list of required st... nodes for the current kernel...
[   27.139601] systemd[1]: Listening on Syslog Socket.
[[0;32m  OK  [0m] Listening on Syslog Socket.
[   27.251491] systemd[1]: Starting Journal Service...
         Starting Journal Service...
[   27.351561] systemd[1]: Mounted Debug File System.
[[0;32m  OK  [0m] Mounted Debug File System.
[   27.451764] systemd[1]: Mounted POSIX Message Queue File System.
[[0;32m  OK  [0m] Mounted POSIX Message Queue File System.
[   27.619824] systemd[1]: Mounted Huge Pages File System.
[[0;32m  OK  [0m] Mounted Huge Pages File System.
[   27.756246] systemd[1]: Started Journal Service.
[[0;32m  OK  [0m] Started Journal Service.
[[0;32m  OK  [0m] Started Set console keymap.
[[0;32m  OK  [0m] Started Remount Root and Kernel File Systems.
[[0;32m  OK  [0m] Started Load Kernel Modules.
[[0;32m  OK  [0m] Started Uncomplicated firewall.
[[0;32m  OK  [0m] Started Create list of required sta...ce nodes for the current kernel.
[[0;32m  OK  [0m] Started Nameserver information manager.
[[0;32m  OK  [0m] Started LVM2 metadata daemon.
         Starting Create Static Device Nodes in /dev...
         Starting Apply Kernel Variables...
         Mounting FUSE Control File System...
         Starting Load/Save Random Seed...
         Starting udev Coldplug all Devices...
         Starting Initial cloud-init job (pre-networking)...
         Starting Flush Journal to Persistent Storage...
[[0;32m  OK  [0m] Mounted FUSE Control File System.
[[0;32m  OK  [0m] Started Create Static Device Nodes in /dev.
[[0;32m  OK  [0m] Started Apply Kernel Variables.
[[0;32m  OK  [0m] Started Load/Save Random Seed.
[[0;32m  OK  [0m] Started udev Coldplug all Devices.
[[0;32m  OK  [0m] Started Flush Journal to Persistent Storage.
         Starting udev Kernel Device Manager...
[[0;32m  OK  [0m] Started udev Kernel Device Manager.
[[0;32m  OK  [0m] Started Monitoring of LVM2 mirrors,...ng dmeventd or progress polling.
[[0;32m  OK  [0m] Reached target Local File Systems (Pre).
[[0;32m  OK  [0m] Reached target Local File Systems.
         Starting Commit a transient machine-id on disk...
         Starting Create Volatile Files and Directories...
         Starting Set console font and keymap...
         Starting LSB: AppArmor initialization...
         Starting Tell Plymouth To Write Out Runtime Data...
[[0;32m  OK  [0m] Started Dispatch Password Requests to Console Directory Watch.
[   21.008395] cloud-init[452]: Cloud-init v. 0.7.9 running 'init-local' at Sun, 02 Jul 2017 05:56:05 +0000. Up 20.63 seconds.
[[0;32m  OK  [0m] Started Commit a transient machine-id on disk.
[[0;32m  OK  [0m] Started Create Volatile Files and Directories.
[[0;32m  OK  [0m] Started Tell Plymouth To Write Out Runtime Data.
[[0;32m  OK  [0m] Started Initial cloud-init job (pre-networking).
[[0;32m  OK  [0m] Started Set console font and keymap.
[[0;32m  OK  [0m] Found device /dev/ttyS0.
[[0;32m  OK  [0m] Listening on Load/Save RF Kill Switch Status /dev/rfkill Watch.
[[0;32m  OK  [0m] Created slice system-getty.slice.
[[0;32m  OK  [0m] Reached target Network (Pre).
[[0;32m  OK  [0m] Reached target System Time Synchronized.
         Starting Update UTMP about System Boot/Shutdown...
[[0;32m  OK  [0m] Started Update UTMP about System Boot/Shutdown.
[[0;32m  OK  [0m] Started LSB: AppArmor initialization.
         Starting Raise network interfaces...
[[0;32m  OK  [0m] Started Raise network interfaces.
[[0;32m  OK  [0m] Reached target Network.
         Starting Initial cloud-init job (metadata service crawler)...
[   24.799620] cloud-init[919]: Cloud-init v. 0.7.9 running 'init' at Sun, 02 Jul 2017 05:56:08 +0000. Up 24.22 seconds.
[   24.864695] [cloud-init[0;32m  OK  [0m[919]: ] ci-info: +++++++++++++++++++++++++++++++++++++Net device info++++++++++++++++++++++++++++++++++++++Started Initial cloud-init job (metadata service crawler).

[   24.865146] cloud-init[919]: ci-info: +--------+------+----------------------------+---------------+-------+-------------------+
[   25.104630] [cloud-init[0;32m  OK  [0m[919]: ] ci-info: | Device |  Up  |          Address           |      Mask     | Scope |     Hw-Address    |Reached target System Initialization.

[[0;32m  OK  [0m] Started Timer to automatically refresh installed snaps.
[[0;32m  OK  [0m] Started Daily apt activities.
[   25.105200] cloud-init[919]: ci-info: +--------+------+----------------------------+---------------+-------+-------------------+
[   25.336909] [cloud-init[0;32m  OK  [0m[919]: ] ci-info: |   lo   | True |         127.0.0.1          |   255.0.0.0   |   .   |         .         |Listening on D-Bus System Message Bus Socket.

[[0;32m  OK  [0m] Listening on ACPID Listen Socket.
[   25.337927] cloud-init[919]: ci-info: |   lo   | True |          ::1/128           |       .       |  host |         .         |
[   25.577020] [cloud-init[0;32m  OK  [0m[919]: ] ci-info: | enp0s3 | True |         10.0.2.15          | 255.255.255.0 |   .   | 02:45:1d:cb:f6:22 |Started ACPI Events Check.

[[0;32m  OK  [0m] Reached target Paths.
[   25.577849] cloud-init[919]: ci-info: | enp0s3 | True | fe80::45:1dff:fecb:f622/64 |       .       |  link | 02:45:1d:cb:f6:22 |
[   25.732970]          cloud-initStarting LXD - unix socket.[919]: 
ci-info: +--------+------+----------------------------+---------------+-------+-------------------+
[   25.840413] [cloud-init[0;32m  OK  [0m[919]: ] ci-info: +++++++++++++++++++++++++++Route IPv4 info++++++++++++++++++++++++++++Listening on UUID daemon activation socket.

[   25.840987]          cloud-initStarting Socket activation for snappy daemon.[919]: 
ci-info: +-------+-------------+----------+---------------+-----------+-------+
[   26.068802] [cloud-init[0;32m  OK  [0m[919]: ] ci-info: | Route | Destination | Gateway  |    Genmask    | Interface | Flags |Started Daily Cleanup of Temporary Directories.

[[0;32m  OK  [0m] Reached target Timers.
[[0;32m  OK  [0m] Reached target Network is Online.
[   26.069498] cloud-init[919]: ci-info: +-------+-------------+----------+---------------+-----------+-------+
[   26.234781]          cloud-initStarting iSCSI initiator daemon (iscsid)...[919]: 
ci-info: |   0   |   0.0.0.0   | 10.0.2.2 |    0.0.0.0    |   enp0s3  |   UG  |
[   26.328733] [cloud-init[0;32m  OK  [0m[919]: ] ci-info: |   1   |   10.0.2.0  | 0.0.0.0  | 255.255.255.0 |   enp0s3  |   U   |Reached target Cloud-config availability.

[   26.329344] cloud-init[919]: ci-info: +-------+-------------+----------+---------------+-----------+-------+
[   26.479887] cloud-init[919]: Generating public/private rsa key pair.
[[0;32m  OK  [0m] Listening on LXD - unix socket.
[[0;32m  OK  [0m] Listening on Socket activation for snappy daemon.
[   26.480377] cloud-init[919]: Your identification has been saved in /etc/ssh/ssh_host_rsa_key.
[   26.628459] [cloud-init[0;32m  OK  [0m[919]: ] Your public key has been saved in /etc/ssh/ssh_host_rsa_key.pub.Started iSCSI initiator daemon (iscsid).

[   26.629098] cloud-init[919]: The key fingerprint is:
         Starting Login to default iSCSI targets...
[   26.738684] [cloud-init[0;32m  OK  [0m[919]: ] SHA256:8aEdDiVkrbPcDDxZEwsrkOhWq+vNJaQjD0T3wpWomcE root@ubuntu-xenialReached target Sockets.

[   26.785452] [cloud-init[0;32m  OK  [0m[919]: ] The key's randomart image is:Reached target Basic System.

[   26.890453]          cloud-initStarting LSB: MD monitoring daemon...[919]: 
+---[RSA 2048]----+
[   26.928513] [cloud-init[0;32m  OK  [0m[919]: ] |   ... .=.o.     |Started D-Bus System Message Bus.

[   26.929141] cloud-init[919]: |. . +... =+.     |
[   26.992415] [cloud-init[0;32m  OK  [0m[919]: ] | E + +..+++.     |Started Snappy daemon.

[   26.992986] cloud-init[919]: |. X +  .BB o     |
[   27.064414]          cloud-initStarting Login Service...[919]: 
| * +.. .SB+      |
[   27.124396]          cloud-initStarting LXD - container startup/shutdown...[919]: 
|. .o.   o o      |
[   27.180531] [cloud-init[0;32m  OK  [0m[919]: ] |o o.. .          |Started Unattended Upgrades Shutdown.

[   27.181379] cloud-init[919]: | +.+ o           |
[   27.245629]          cloud-initStarting Accounts Service...[919]: 
| .o o            |
[   27.246179] cloud-init[919]: +----[SHA256]-----+
[   27.288526]          cloud-initStarting /etc/rc.local Compatibility...[919]: 
Generating public/private dsa key pair.
[   27.336846] [cloud-init[0;32m  OK  [0m[919]: ] Your identification has been saved in /etc/ssh/ssh_host_dsa_key.Started Regular background program processing daemon.

[   27.337336] cloud-init[919]: Your public key has been saved in /etc/ssh/ssh_host_dsa_key.pub.
[   27.426638] [cloud-init[0;32m  OK  [0m[919]: ] The key fingerprint is:Started FUSE filesystem for LXC.

[   27.427155] cloud-init[919]: SHA256:U08UAHP+0Q00+kKPucwD/cBi7BemzAS3wyNcsKdw54w root@ubuntu-xenial
[   27.500461] cloud-init[919]: The key's randomart image is:
[   27.520573] cloud-init[919]: +---[DSA 1024]----+
         Starting Auto import assertions from block devices...
[   27.540652] cloud-init[919]: |        +.o.oo+  |
[   27.588238] cloud-init[919]: |         * . o + |
         Starting System Logging Service...
[   27.588878] cloud-init[919]: |      . + B = . .|
[   27.652230]          cloud-initStarting Pollinate to seed the pseudo random number generator...[919]: 
|       + # O *   |
[   27.672869] [cloud-init[0;32m  OK  [0m[919]: ] |        E & % o  |Started Deferred execution scheduler.

[   27.673448] cloud-init[919]: |         O X *   |
[   27.760882]          cloud-initStarting LSB: Record successful boot for GRUB...[919]: 
|          = * .  |
[   27.822179] [cloud-init[0;32m  OK  [0m[919]: ] |           . .   |Started ACPI event daemon.

[   27.822759] cloud-init[919]: |                 |
[   27.948523]          cloud-initStarting Apply the settings specified in cloud-config...[919]: 
+----[SHA256]-----+
[   27.949302] cloud-init[919]: Generating public/private ecdsa key pair.
[   28.042833] [cloud-init[0;32m  OK  [0m[919]: ] Your identification has been saved in /etc/ssh/ssh_host_ecdsa_key.Started System Logging Service.

[   28.043437] cloud-init[919]: Your public key has been saved in /etc/ssh/ssh_host_ecdsa_key.pub.
[   28.096480] [cloud-init[0;32m  OK  [0m[919]: ] The key fingerprint is:Started LXD - container startup/shutdown.

[   28.097177] cloud-init[919]: SHA256:fr5KIUowUJ+duHEzb+781N4RzcB8eV/VVyRX2dvpX8M root@ubuntu-xenial
[   28.196563] [cloud-init[0;32m  OK  [0m[919]: ] The key's randomart image is:Started /etc/rc.local Compatibility.

[   28.197196] cloud-init[919]: +---[ECDSA 256]---+
[   28.288370] [cloud-init[0;32m  OK  [0m[919]: ] |...           ..%|Started Auto import assertions from block devices.

[   28.289077] cloud-init[919]: | . . + .     o +*|
[   28.372403] cloud-init[919]: |  o = *       +.O|
[   28.408509] cloud-init[919]: |   o + +       B=|
[[0;32m  OK  [0m] Started Login to default iSCSI targets.
[[0;32m  OK  [0m] Started LSB: MD monitoring daemon.
[   28.446902] cloud-init[919]: |    o . S     + +|
[   28.488376] cloud-init[919]: |   . . = . .   E.|
[   28.492238] cloud-init[919]: |    .   + o . . +|
[   28.516914] cloud-init[919]: |       + + . . ..|
[   28.544987] cloud-init[919]: |        +o+.. .  |
[[0;32m  OK  [0m] Started LSB: Record successful boot for GRUB.
[   28.578564] cloud-init[919]: +----[SHA256]-----+
[   28.660507] cloud-init[919]: Generating public/private ed25519 key pair.
[   28.704353] cloud-init[919]: Your identification has been saved in /etc/ssh/ssh_host_ed25519_key.
[   28.754573] cloud-init[919]: Your public key has been saved in /etc/ssh/ssh_host_ed25519_key.pub.
[[0;32m  OK  [0m] Started Login Service.
[   28.812176] cloud-init[919]: The key fingerprint is:
[   28.868425]          cloud-initStarting Authenticate and Authorize Users to Run Privileged Tasks...[919]: 
SHA256:Dvji/vMyoAVk7tS8t+tFdV+vu8lFQQ+eEwSDnCgTWuk root@ubuntu-xenial
[   28.996405] [cloud-init[0;32m  OK  [0m[919]: ] The key's randomart image is:Reached target Remote File Systems (Pre).

[   28.997106] [cloud-init[0;32m  OK  [0m[919]: ] +--[ED25519 256]--+Reached target Remote File Systems.

[   29.216818]          cloud-initStarting LSB: VirtualBox Linux Additions...[919]: 
|      oo o ooo+. |
[   29.217423] cloud-init[919]: |  o  o+ . +  o.+.|
         Starting Permit User Sessions...
[   29.256507] cloud-init[919]: | + o.. o  . . +.o|
[   29.308610]          cloud-initStarting LSB: daemon to balance interrupts for SMP systems...[919]: 
|  + o.E  . . . oo|
[   29.412488]          cloud-initStarting LSB: automatic crash report generation...[919]: 
| o .... S     . o|
[   29.413029] cloud-init[919]: |  . +..+       o |
[   29.460808]          cloud-initStarting LSB: Set the CPU Frequency Scaling governor to "ondemand"...[919]: 
|   o.o..o     . .|
[   29.461369] cloud-init[919]: |  .. .=.     . + |
[[0;32m  OK  [0m] Started Permit User Sessions.
[   29.589599] cloud-init[919]: |   .oo+*.     =. |
[   29.648432] [[0;32m  OK  [0m] Started Pollinate to seed the pseudo random number generator.
cloud-init[919]: +----[SHA256]-----+
[[0;32m  OK  [0m] Started Authenticate and Authorize Users to Run Privileged Tasks.
[   29.692460] cloud-init[1118]: Generating locales (this might take a while)...
[   29.736662] [cloud-init[0;32m  OK  [0m[1118]: ]   en_US.UTF-8... doneStarted Accounts Service.

[   29.737317] cloud-init[1118]: Generation complete.
         Starting OpenBSD Secure Shell server...
         Starting Terminate Plymouth Boot Screen...
         Starting Hold until boot process finishes up...
[[0;32m  OK  [0m] Started OpenBSD Secure Shell server.
[[0;32m  OK  [0m] Started LSB: VirtualBox Linux Additions.
[[0;32m  OK  [0m] Started LSB: daemon to balance interrupts for SMP systems.
[[0;32m  OK  [0m] Started LSB: automatic crash report generation.
[[0;32m  OK  [0m] Started LSB: Set the CPU Frequency Scaling governor to "ondemand".
[[0;32m  OK  [0m] Started Terminate Plymouth Boot Screen.
[[0;32m  OK  [0m] Started Hold until boot process finishes up.
         Stopping OpenBSD Secure Shell server...
[[0;32m  OK  [0m] Created slice User Slice of ubuntu.
[[0;32m  OK  [0m] Started Session 1 of user ubuntu.
         Starting User Manager for UID 1000...
[[0;32m  OK  [0m] Started Serial Getty on ttyS0.
[[0;32m  OK  [0m] Started Getty on tty1.
[[0;32m  OK  [0m] Reached target Login Prompts.
         Starting Set console scheme...
[[0;32m  OK  [0m] Started User Manager for UID 1000.
[[0;32m  OK  [0m] Stopped OpenBSD Secure Shell server.
[[0;32m  OK  [0m] Started Set console scheme.
         Starting OpenBSD Secure Shell server...
[[0;32m  OK  [0m] Started OpenBSD Secure Shell server.
[[0;32m  OK  [0m] Reached target Multi-User System.
[[0;32m  OK  [0m] Reached target Graphical Interface.
         Starting Update UTMP about System Runlevel Changes...
[[0;32m  OK  [0m] Started Update UTMP about System Runlevel Changes.
[   30.875846] cloud-init[1118]: Cloud-init v. 0.7.9 running 'modules:config' at Sun, 02 Jul 2017 05:56:13 +0000. Up 28.33 seconds.
[[0;32m  OK  [0m] Started Apply the settings specified in cloud-config.
         Starting Execute cloud user/final scripts...
ci-info: no authorized ssh keys fingerprints found for user ubuntu.
<14>Jul  2 05:56:16 ec2: 
<14>Jul  2 05:56:16 ec2: #############################################################
<14>Jul  2 05:56:16 ec2: -----BEGIN SSH HOST KEY FINGERPRINTS-----
<14>Jul  2 05:56:16 ec2: 1024 SHA256:U08UAHP+0Q00+kKPucwD/cBi7BemzAS3wyNcsKdw54w root@ubuntu-xenial (DSA)
<14>Jul  2 05:56:16 ec2: 256 SHA256:fr5KIUowUJ+duHEzb+781N4RzcB8eV/VVyRX2dvpX8M root@ubuntu-xenial (ECDSA)
<14>Jul  2 05:56:16 ec2: 256 SHA256:Dvji/vMyoAVk7tS8t+tFdV+vu8lFQQ+eEwSDnCgTWuk root@ubuntu-xenial (ED25519)
<14>Jul  2 05:56:16 ec2: 2048 SHA256:8aEdDiVkrbPcDDxZEwsrkOhWq+vNJaQjD0T3wpWomcE root@ubuntu-xenial (RSA)
<14>Jul  2 05:56:16 ec2: -----END SSH HOST KEY FINGERPRINTS-----
<14>Jul  2 05:56:16 ec2: #############################################################
-----BEGIN SSH HOST KEY KEYS-----
ecdsa-sha2-nistp256 AAAAE2VjZHNhLXNoYTItbmlzdHAyNTYAAAAIbmlzdHAyNTYAAABBBIjwinLDgMR3BmWZR+PHETxs9DnnRKO54GsNtCvWc5MxRwoKvGq2T3aX64iVS5TqmXhJjBUgHeqLIXtHO7fz+Ac= root@ubuntu-xenial
ssh-ed25519 AAAAC3NzaC1lZDI1NTE5AAAAIMinZpy667RfbWCIb4pxtVRPIx6KB+1VcPeDcJUE1Wri root@ubuntu-xenial
ssh-rsa AAAAB3NzaC1yc2EAAAADAQABAAABAQCv2Dv/Mw8P98Eqc7LCrsNRo7MHRNJAttvK6sz5aL+z8oddd6H1F4wFwqEqau6f4MO5UeuFfmrw+KYTYmWbk5vheEysMgGhOSs0yxEj4yAZVCqz8yW0I6R4tl4pMPFYULK/uoCJhhsKB3uQ3tYOVy7qABikJcJ3v9eQYOws/iIncHzxqm7E+H+mFi6sBaN/V6PrQ/fR9yF8g1u9BZLhQjaZVwP8Ty2j51J3i1/P9si9Jdck8MiRen99mc0YLXSaTjnRf4/cbKnnNqMFclW1bKZGaUMGi0SOmjStBYvSSwiW+WCv8apGJlJdKCiut/cfR96KxbK/qQEAt7F9++XvrZJb root@ubuntu-xenial
-----END SSH HOST KEY KEYS-----
[   31.946521] cloud-init[1343]: Cloud-init v. 0.7.9 running 'modules:final' at Sun, 02 Jul 2017 05:56:16 +0000. Up 31.43 seconds.
[   32.020477] [cloud-init[0;32m  OK  [0m[1343]: ] ci-info: no authorized ssh keys fingerprints found for user ubuntu.Started Execute cloud user/final scripts.

[   32.021067] cloud-init[1343]: Cloud-init v. 0.7.9 finished at Sun, 02 Jul 2017 05:56:16 +0000. Datasource DataSourceNoCloud [seed=/dev/sdb][dsmode=net].  Up 31.93 seconds
[[0;32m  OK  [0m] Reached target Cloud-init target.

Ubuntu 16.04.2 LTS ubuntu-xenial ttyS0

ubuntu-xenial login:          Stopping Authenticate and Authorize Users to Run Pl[[0;32m  OK  [0m] Unmounted /var/lib/lxcfs.
[[0;32m  OK  [0m] Stopped Snappy daemon.
[[0;32m  OK  [0m] Stopped Accounts Service.
[[0;32m  OK  [0m] Stopped Regular background program processing daemon.
[[0;32m  OK  [0m] Stopped System Logging Service.
[[0;32m  OK  [0m] Stopped Deferred execution scheduler.
[[0;32m  OK  [0m] Stopped ACPI event daemon.
[[0;32m  OK  [0m] Stopped Authenticate and Authorize Users to Run Privileged Tasks.
[[0;32m  OK  [0m] Stopped Serial Getty on ttyS0.
[[0;32m  OK  [0m] Stopped Getty on tty1.
[[0;32m  OK  [0m] Stopped OpenBSD Secure Shell server.
[[0;32m  OK  [0m] Stopped User Manager for UID 1000.
[[0;32m  OK  [0m] Stopped Session 6 of user ubuntu.
[[0;32m  OK  [0m] Stopped D-Bus System Message Bus.
[[0;32m  OK  [0m] Stopped Unattended Upgrades Shutdown.
[[0;32m  OK  [0m] Stopped FUSE filesystem for LXC.
[[0;32m  OK  [0m] Stopped LXD - container startup/shutdown.
[[0;32m  OK  [0m] Stopped LSB: Record successful boot for GRUB.
[[0;32m  OK  [0m] Stopped LSB: daemon to balance interrupts for SMP systems.
[[0;32m  OK  [0m] Stopped LSB: MD monitoring daemon.
[[0;32m  OK  [0m] Stopped LSB: VirtualBox Linux Additions.
[[0;32m  OK  [0m] Stopped LSB: automatic crash report generation.
[[0;32m  OK  [0m] Stopped LSB: Set the CPU Frequency Scaling governor to "ondemand".
[[0;32m  OK  [0m] Removed slice User Slice of ubuntu.
         Stopping Login Service...
[[0;32m  OK  [0m] Removed slice system-getty.slice.
[[0;32m  OK  [0m] Stopped /etc/rc.local Compatibility.
[[0;32m  OK  [0m] Removed slice system-serial\x2dgetty.slice.
         Stopping Permit User Sessions...
[[0;32m  OK  [0m] Stopped Login Service.
[[0;32m  OK  [0m] Stopped Permit User Sessions.
[[0;32m  OK  [0m] Stopped target Remote File Systems.
[[0;32m  OK  [0m] Stopped target Remote File Systems (Pre).
         Stopping Login to default iSCSI targets...
[[0;32m  OK  [0m] Stopped target Basic System.
[[0;32m  OK  [0m] Stopped target Slices.
[[0;32m  OK  [0m] Stopped target Sockets.
[[0;32m  OK  [0m] Closed Syslog Socket.
[[0;32m  OK  [0m] Closed Socket activation for snappy daemon.
[[0;32m  OK  [0m] Closed ACPID Listen Socket.
[[0;32m  OK  [0m] Closed UUID daemon activation socket.
[[0;32m  OK  [0m] Closed LXD - unix socket.
[[0;32m  OK  [0m] Stopped target Paths.
[[0;32m  OK  [0m] Stopped Forward Password Requests to Wall Directory Watch.
[[0;32m  OK  [0m] Stopped Dispatch Password Requests to Console Directory Watch.
[[0;32m  OK  [0m] Stopped ACPI Events Check.
[[0;32m  OK  [0m] Removed slice User and Session Slice.
[[0;32m  OK  [0m] Closed D-Bus System Message Bus Socket.
[[0;32m  OK  [0m] Stopped target System Initialization.
         Stopping Update UTMP about System Boot/Shutdown...
[[0;32m  OK  [0m] Stopped target Swap.
         Stopping Load/Save Random Seed...
[[0;32m  OK  [0m] Stopped Commit a transient machine-id on disk.
[[0;32m  OK  [0m] Stopped target Encrypted Volumes.
[[0;32m  OK  [0m] Stopped target User and Group Name Lookups.
[[0;32m  OK  [0m] Stopped Load/Save Random Seed.
[[0;32m  OK  [0m] Stopped Update UTMP about System Boot/Shutdown.
[[0;32m  OK  [0m] Stopped Login to default iSCSI targets.
         Stopping iSCSI initiator daemon (iscsid)...
[[0;32m  OK  [0m] Stopped Create Volatile Files and Directories.
[[0;32m  OK  [0m] Stopped iSCSI initiator daemon (iscsid).
[[0;32m  OK  [0m] Stopped target Network is Online.
[[0;32m  OK  [0m] Stopped Initial cloud-init job (metadata service crawler).
[[0;32m  OK  [0m] Stopped target Network.
         Stopping Raise network interfaces...
[[0;32m  OK  [0m] Stopped Raise network interfaces.
[[0;32m  OK  [0m] Stopped target Local File Systems.
         Unmounting /vagrant...
         Unmounting /run/user/1000...
         Unmounting /vagrant_data...
[[0;32m  OK  [0m] Stopped Apply Kernel Variables.
[[0;32m  OK  [0m] Stopped target Network (Pre).
[[0;32m  OK  [0m] Stopped Initial cloud-init job (pre-networking).
[[0;32m  OK  [0m] Stopped Load Kernel Modules.
[[0;32m  OK  [0m] Unmounted /vagrant.
[[0;32m  OK  [0m] Unmounted /run/user/1000.
[[0;32m  OK  [0m] Unmounted /vagrant_data.
[[0;32m  OK  [0m] Reached target Unmount All Filesystems.
[[0;32m  OK  [0m] Stopped target Local File Systems (Pre).
         Stopping Monitoring of LVM2 mirrors... dmeventd or progress polling...
[[0;32m  OK  [0m] Stopped Remount Root and Kernel File Systems.
[[0;32m  OK  [0m] Stopped Create Static Device Nodes in /dev.
[[0;32m  OK  [0m] Reached target Shutdown.
[ 2748.692719] reboot: Power down
